Flutter crash report.
Please report a bug at https://github.com/flutter/flutter/issues.

## command

flutter doctor

## exception

ProcessPackageException: ProcessException: Failed to find "which" in the search path.
  Command: which 

```
#0      LocalProcessManager.runSync (package:process/src/interface/local_process_manager.dart:118:7)
#1      ErrorHandlingProcessManager.runSync.<anonymous closure> (package:flutter_tools/src/base/error_handling_io.dart:712:24)
#2      _runSync (package:flutter_tools/src/base/error_handling_io.dart:597:14)
#3      ErrorHandlingProcessManager.runSync (package:flutter_tools/src/base/error_handling_io.dart:711:12)
#4      _PosixUtils._which (package:flutter_tools/src/base/os.dart:209:50)
#5      OperatingSystemUtils.whichAll (package:flutter_tools/src/base/os.dart:101:43)
#6      AndroidSdk.locateAndroidSdk.findAndroidHomeDir (package:flutter_tools/src/android/android_sdk.dart:122:46)
#7      AndroidSdk.locateAndroidSdk (package:flutter_tools/src/android/android_sdk.dart:146:36)
#8      AppContext._generateIfNecessary.<anonymous closure> (package:flutter_tools/src/base/context.dart:104:42)
#9      _LinkedHashMapMixin.putIfAbsent (dart:collection-patch/compact_hash.dart:527:23)
#10     AppContext._generateIfNecessary (package:flutter_tools/src/base/context.dart:92:20)
#11     AppContext.get (package:flutter_tools/src/base/context.dart:121:32)
#12     AppContext.get (package:flutter_tools/src/base/context.dart:119:24)
#13     androidSdk (package:flutter_tools/src/globals.dart:63:39)
#14     runInContext.<anonymous closure> (package:flutter_tools/src/context_runner.dart:189:29)
#15     AppContext._generateIfNecessary.<anonymous closure> (package:flutter_tools/src/base/context.dart:104:42)
#16     _LinkedHashMapMixin.putIfAbsent (dart:collection-patch/compact_hash.dart:527:23)
#17     AppContext._generateIfNecessary (package:flutter_tools/src/base/context.dart:92:20)
#18     AppContext.get (package:flutter_tools/src/base/context.dart:121:32)
#19     AppContext.get (package:flutter_tools/src/base/context.dart:119:24)
#20     deviceManager (package:flutter_tools/src/globals.dart:55:45)
#21     FlutterCommandRunner.runCommand.<anonymous closure> (package:flutter_tools/src/runner/flutter_command_runner.dart:259:17)
<asynchronous suspension>
#22     AppContext.run.<anonymous closure> (package:flutter_tools/src/base/context.dart:150:19)
<asynchronous suspension>
#23     FlutterCommandRunner.runCommand (package:flutter_tools/src/runner/flutter_command_runner.dart:229:5)
<asynchronous suspension>
#24     run.<anonymous closure>.<anonymous closure> (package:flutter_tools/runner.dart:62:9)
<asynchronous suspension>
#25     AppContext.run.<anonymous closure> (package:flutter_tools/src/base/context.dart:150:19)
<asynchronous suspension>
#26     main (package:flutter_tools/executable.dart:91:3)
<asynchronous suspension>
```

## flutter doctor

```
encountered exception: ProcessException: Failed to find "which" in the search path.
  Command: which 

#0      LocalProcessManager.runSync (package:process/src/interface/local_process_manager.dart:118:7)
#1      ErrorHandlingProcessManager.runSync.<anonymous closure> (package:flutter_tools/src/base/error_handling_io.dart:712:24)
#2      _runSync (package:flutter_tools/src/base/error_handling_io.dart:597:14)
#3      ErrorHandlingProcessManager.runSync (package:flutter_tools/src/base/error_handling_io.dart:711:12)
#4      _PosixUtils._which (package:flutter_tools/src/base/os.dart:209:50)
#5      OperatingSystemUtils.whichAll (package:flutter_tools/src/base/os.dart:101:43)
#6      AndroidSdk.locateAndroidSdk.findAndroidHomeDir (package:flutter_tools/src/android/android_sdk.dart:122:46)
#7      AndroidSdk.locateAndroidSdk (package:flutter_tools/src/android/android_sdk.dart:146:36)
#8      AppContext._generateIfNecessary.<anonymous closure> (package:flutter_tools/src/base/context.dart:104:42)
#9      _LinkedHashMapMixin.putIfAbsent (dart:collection-patch/compact_hash.dart:527:23)
#10     AppContext._generateIfNecessary (package:flutter_tools/src/base/context.dart:92:20)
#11     AppContext.get (package:flutter_tools/src/base/context.dart:121:32)
#12     androidSdk (package:flutter_tools/src/globals.dart:63:39)
#13     runInContext.<anonymous closure> (package:flutter_tools/src/context_runner.dart:121:29)
#14     AppContext._generateIfNecessary.<anonymous closure> (package:flutter_tools/src/base/context.dart:104:42)
#15     _LinkedHashMapMixin.putIfAbsent (dart:collection-patch/compact_hash.dart:527:23)
#16     AppContext._generateIfNecessary (package:flutter_tools/src/base/context.dart:92:20)
#17     AppContext.get (package:flutter_tools/src/base/context.dart:121:32)
#18     androidWorkflow (package:flutter_tools/src/android/android_workflow.dart:28:49)
#19     _DefaultDoctorValidatorsProvider.validators (package:flutter_tools/src/doctor.dart:87:11)
#20     Doctor.validators (package:flutter_tools/src/doctor.dart:203:47)
#21     Doctor.startValidatorTasks (package:flutter_tools/src/doctor.dart:209:45)
#22     DoctorText._validatorTasks (package:flutter_tools/src/doctor.dart:651:60)
#23     DoctorText._validatorTasks (package:flutter_tools/src/doctor.dart)
#24     DoctorText._runDiagnosis (package:flutter_tools/src/doctor.dart:655:71)
#25     DoctorText.text (package:flutter_tools/src/doctor.dart:647:36)
#26     DoctorText.text (package:flutter_tools/src/doctor.dart)
#27     _createLocalCrashReport (package:flutter_tools/runner.dart:209:51)
#28     _handleToolError (package:flutter_tools/runner.dart:165:31)
<asynchronous suspension>
#29     AppContext.run.<anonymous closure> (package:flutter_tools/src/base/context.dart:150:19)
<asynchronous suspension>
#30     main (package:flutter_tools/executable.dart:91:3)
<asynchronous suspension>
```
